2021-03-29 13:23:26.1849|INFO|myApi.Program|Initializing application...
2021-03-29 13:23:27.2508|INFO|Microsoft.AspNetCore.DataProtection.KeyManagement.XmlKeyManager|User profile is available. Using 'C:\Users\wooz\AppData\Local\ASP.NET\DataProtection-Keys' as key repository and Windows DPAPI to encrypt keys at rest.
2021-03-29 13:23:27.6837|INFO|Microsoft.AspNetCore.Hosting.Internal.WebHost|Request starting HTTP/1.1 DEBUG http://localhost:1028/  0
2021-03-29 13:23:27.6970|INFO|Microsoft.AspNetCore.Hosting.Internal.WebHost|Request finished in 12.4563ms 200 
2021-03-29 13:23:45.5808|INFO|Microsoft.AspNetCore.Hosting.Internal.WebHost|Request starting HTTP/1.1 GET http://localhost:1028/api/people  
2021-03-29 13:23:45.6557|INFO|Microsoft.AspNetCore.Mvc.Internal.ControllerActionInvoker|Route matched with {action = "GetPersons", controller = "Person"}. Executing controller action with signature Microsoft.AspNetCore.Mvc.IActionResult GetPersons() on controller myApi.Controllers.PersonController (myApi).
2021-03-29 13:23:45.8202|INFO|Microsoft.AspNetCore.Mvc.Internal.ControllerActionInvoker|Executing action method myApi.Controllers.PersonController.GetPersons (myApi) - Validation state: Valid
2021-03-29 13:23:45.8202|INFO|myApi.Controllers.PersonController|Returned list of all Persons.
2021-03-29 13:23:45.8445|INFO|Microsoft.AspNetCore.Mvc.Internal.ControllerActionInvoker|Executed action method myApi.Controllers.PersonController.GetPersons (myApi), returned result Microsoft.AspNetCore.Mvc.OkObjectResult in 21.2557ms.
2021-03-29 13:23:45.8445|INFO|Microsoft.AspNetCore.Mvc.Infrastructure.ObjectResultExecutor|Executing ObjectResult, writing value of type 'System.Collections.Generic.List`1[[myData.Entities.PersonDto, myData, Version=1.0.0.0, Culture=neutral, PublicKeyToken=null]]'.
2021-03-29 13:23:45.8820|INFO|Microsoft.AspNetCore.Mvc.Internal.ControllerActionInvoker|Executed action myApi.Controllers.PersonController.GetPersons (myApi) in 223.5897ms
2021-03-29 13:23:45.8820|INFO|Microsoft.AspNetCore.Hosting.Internal.WebHost|Request finished in 304.4735ms 200 application/json; charset=utf-8
2021-03-29 13:23:45.9558|INFO|Microsoft.AspNetCore.Hosting.Internal.WebHost|Request starting HTTP/1.1 GET http://localhost:1028/favicon.ico  
2021-03-29 13:23:45.9558|INFO|Microsoft.AspNetCore.Hosting.Internal.WebHost|Request finished in 1.7761ms 404 text/plain
2021-03-29 13:24:28.3088|INFO|Microsoft.AspNetCore.Hosting.Internal.WebHost|Request starting HTTP/1.1 POST http://localhost:1028/api/people/ application/json 59
2021-03-29 13:24:28.3184|INFO|Microsoft.AspNetCore.Mvc.Internal.ControllerActionInvoker|Route matched with {action = "SavePerson", controller = "Person"}. Executing controller action with signature Microsoft.AspNetCore.Mvc.IActionResult SavePerson(myData.Entities.PersonDto) on controller myApi.Controllers.PersonController (myApi).
2021-03-29 13:24:28.3418|INFO|Microsoft.AspNetCore.Mvc.Internal.ControllerActionInvoker|Executing action method myApi.Controllers.PersonController.SavePerson (myApi) - Validation state: Valid
2021-03-29 13:24:28.3445|INFO|myApi.Controllers.PersonController|ADDED NEW Person with ID: 4, Name: Timmy Tommy, and Email: test@mail.com.
2021-03-29 13:24:28.3445|INFO|Microsoft.AspNetCore.Mvc.Internal.ControllerActionInvoker|Executed action method myApi.Controllers.PersonController.SavePerson (myApi), returned result Microsoft.AspNetCore.Mvc.CreatedAtRouteResult in 2.8694ms.
2021-03-29 13:24:28.3445|INFO|Microsoft.AspNetCore.Mvc.Infrastructure.ObjectResultExecutor|Executing ObjectResult, writing value of type 'myData.Entities.PersonDto'.
2021-03-29 13:24:28.3445|INFO|Microsoft.AspNetCore.Mvc.Internal.ControllerActionInvoker|Executed action myApi.Controllers.PersonController.SavePerson (myApi) in 30.8309ms
2021-03-29 13:24:28.3445|INFO|Microsoft.AspNetCore.Hosting.Internal.WebHost|Request finished in 42.7376ms 201 application/json; charset=utf-8
2021-03-29 13:24:32.1314|INFO|Microsoft.AspNetCore.Hosting.Internal.WebHost|Request starting HTTP/1.1 GET http://localhost:1028/api/people  
2021-03-29 13:24:32.1314|INFO|Microsoft.AspNetCore.Mvc.Internal.ControllerActionInvoker|Route matched with {action = "GetPersons", controller = "Person"}. Executing controller action with signature Microsoft.AspNetCore.Mvc.IActionResult GetPersons() on controller myApi.Controllers.PersonController (myApi).
2021-03-29 13:24:32.1314|INFO|Microsoft.AspNetCore.Mvc.Internal.ControllerActionInvoker|Executing action method myApi.Controllers.PersonController.GetPersons (myApi) - Validation state: Valid
2021-03-29 13:24:32.1314|INFO|myApi.Controllers.PersonController|Returned list of all Persons.
2021-03-29 13:24:32.1314|INFO|Microsoft.AspNetCore.Mvc.Internal.ControllerActionInvoker|Executed action method myApi.Controllers.PersonController.GetPersons (myApi), returned result Microsoft.AspNetCore.Mvc.OkObjectResult in 1.6973ms.
2021-03-29 13:24:32.1314|INFO|Microsoft.AspNetCore.Mvc.Infrastructure.ObjectResultExecutor|Executing ObjectResult, writing value of type 'System.Collections.Generic.List`1[[myData.Entities.PersonDto, myData, Version=1.0.0.0, Culture=neutral, PublicKeyToken=null]]'.
2021-03-29 13:24:32.1314|INFO|Microsoft.AspNetCore.Mvc.Internal.ControllerActionInvoker|Executed action myApi.Controllers.PersonController.GetPersons (myApi) in 6.0325ms
2021-03-29 13:24:32.1415|INFO|Microsoft.AspNetCore.Hosting.Internal.WebHost|Request finished in 9.8934ms 200 application/json; charset=utf-8
