2021-03-27 14:17:27.2951|INFO|myApi.Program|Initializing application...
2021-03-27 14:17:29.4474|INFO|Microsoft.AspNetCore.DataProtection.KeyManagement.XmlKeyManager|User profile is available. Using 'C:\Users\wooz\AppData\Local\ASP.NET\DataProtection-Keys' as key repository and Windows DPAPI to encrypt keys at rest.
2021-03-27 14:17:29.9488|INFO|Microsoft.AspNetCore.Hosting.Internal.WebHost|Request starting HTTP/1.1 DEBUG http://localhost:1028/  0
2021-03-27 14:17:29.9488|INFO|Microsoft.AspNetCore.Hosting.Internal.WebHost|Request starting HTTP/1.1 GET http://localhost:1028/  
2021-03-27 14:17:29.9609|INFO|Microsoft.AspNetCore.Hosting.Internal.WebHost|Request finished in 12.1667ms 200 
2021-03-27 14:17:29.9997|INFO|Microsoft.AspNetCore.Hosting.Internal.WebHost|Request finished in 51.9902ms 404 text/plain
2021-03-27 14:17:30.0979|INFO|Microsoft.AspNetCore.Hosting.Internal.WebHost|Request starting HTTP/1.1 GET http://localhost:1028/favicon.ico  
2021-03-27 14:17:30.0979|INFO|Microsoft.AspNetCore.Hosting.Internal.WebHost|Request finished in 1.4992ms 404 text/plain
2021-03-27 14:17:40.8678|INFO|Microsoft.AspNetCore.Hosting.Internal.WebHost|Request starting HTTP/1.1 GET http://localhost:1028/api/people  
2021-03-27 14:17:40.8808|INFO|Microsoft.AspNetCore.Mvc.Internal.ControllerActionInvoker|Route matched with {action = "GetPersons", controller = "Person"}. Executing controller action with signature Microsoft.AspNetCore.Mvc.IActionResult GetPersons() on controller myApi.Controllers.PersonController (myApi).
2021-03-27 14:17:41.0426|INFO|Microsoft.AspNetCore.Mvc.Internal.ControllerActionInvoker|Executing action method myApi.Controllers.PersonController.GetPersons (myApi) - Validation state: Valid
2021-03-27 14:17:41.0426|INFO|myApi.Controllers.PersonController|Returned list of all Persons.
2021-03-27 14:17:41.0644|INFO|Microsoft.AspNetCore.Mvc.Internal.ControllerActionInvoker|Executed action method myApi.Controllers.PersonController.GetPersons (myApi), returned result Microsoft.AspNetCore.Mvc.OkObjectResult in 18.9093ms.
2021-03-27 14:17:41.0644|INFO|Microsoft.AspNetCore.Mvc.Infrastructure.ObjectResultExecutor|Executing ObjectResult, writing value of type 'System.Collections.Generic.List`1[[myData.Entities.PersonDto, myData, Version=1.0.0.0, Culture=neutral, PublicKeyToken=null]]'.
2021-03-27 14:17:41.1057|INFO|Microsoft.AspNetCore.Mvc.Internal.ControllerActionInvoker|Executed action myApi.Controllers.PersonController.GetPersons (myApi) in 222.448ms
2021-03-27 14:17:41.1057|INFO|Microsoft.AspNetCore.Hosting.Internal.WebHost|Request finished in 240.5057ms 200 application/json; charset=utf-8
2021-03-27 18:15:22.4270|INFO|myApi.Program|Initializing application...
2021-03-27 18:15:23.2668|INFO|Microsoft.AspNetCore.DataProtection.KeyManagement.XmlKeyManager|User profile is available. Using 'C:\Users\wooz\AppData\Local\ASP.NET\DataProtection-Keys' as key repository and Windows DPAPI to encrypt keys at rest.
2021-03-27 18:15:23.4914|INFO|Microsoft.AspNetCore.Hosting.Internal.WebHost|Request starting HTTP/1.1 DEBUG http://localhost:1028/  0
2021-03-27 18:15:23.4914|INFO|Microsoft.AspNetCore.Hosting.Internal.WebHost|Request starting HTTP/1.1 GET http://localhost:1028/  
2021-03-27 18:15:23.5038|INFO|Microsoft.AspNetCore.Hosting.Internal.WebHost|Request finished in 12.3114ms 200 
2021-03-27 18:15:23.5498|INFO|Microsoft.AspNetCore.Hosting.Internal.WebHost|Request finished in 59.1598ms 404 text/plain
2021-03-27 18:15:23.7316|INFO|Microsoft.AspNetCore.Hosting.Internal.WebHost|Request starting HTTP/1.1 GET http://localhost:1028/  
2021-03-27 18:15:23.7316|INFO|Microsoft.AspNetCore.Hosting.Internal.WebHost|Request finished in 1.6588ms 404 text/plain
2021-03-27 18:15:23.7823|INFO|Microsoft.AspNetCore.Hosting.Internal.WebHost|Request starting HTTP/1.1 GET http://localhost:1028/favicon.ico  
2021-03-27 18:15:23.7823|INFO|Microsoft.AspNetCore.Hosting.Internal.WebHost|Request finished in 2.9569ms 404 text/plain
2021-03-27 18:16:05.0539|INFO|myApi.Program|Initializing application...
2021-03-27 18:16:05.8575|INFO|Microsoft.AspNetCore.DataProtection.KeyManagement.XmlKeyManager|User profile is available. Using 'C:\Users\wooz\AppData\Local\ASP.NET\DataProtection-Keys' as key repository and Windows DPAPI to encrypt keys at rest.
2021-03-27 18:16:06.0456|INFO|Microsoft.AspNetCore.Hosting.Internal.WebHost|Request starting HTTP/1.1 DEBUG http://localhost:1028/  0
2021-03-27 18:16:06.0582|INFO|Microsoft.AspNetCore.Hosting.Internal.WebHost|Request finished in 12.1085ms 200 
2021-03-27 18:16:08.6668|INFO|Microsoft.AspNetCore.Hosting.Internal.WebHost|Request starting HTTP/1.1 GET http://localhost:1028/api/people  
2021-03-27 18:16:08.7371|INFO|Microsoft.AspNetCore.Mvc.Internal.ControllerActionInvoker|Route matched with {action = "GetPersons", controller = "Person"}. Executing controller action with signature Microsoft.AspNetCore.Mvc.IActionResult GetPersons() on controller myApi.Controllers.PersonController (myApi).
2021-03-27 18:16:08.8973|INFO|Microsoft.AspNetCore.Mvc.Internal.ControllerActionInvoker|Executing action method myApi.Controllers.PersonController.GetPersons (myApi) - Validation state: Valid
2021-03-27 18:16:08.8973|INFO|myApi.Controllers.PersonController|Returned list of all Persons.
2021-03-27 18:16:08.9188|INFO|Microsoft.AspNetCore.Mvc.Internal.ControllerActionInvoker|Executed action method myApi.Controllers.PersonController.GetPersons (myApi), returned result Microsoft.AspNetCore.Mvc.OkObjectResult in 18.4557ms.
2021-03-27 18:16:08.9255|INFO|Microsoft.AspNetCore.Mvc.Infrastructure.ObjectResultExecutor|Executing ObjectResult, writing value of type 'System.Collections.Generic.List`1[[myData.Entities.PersonDto, myData, Version=1.0.0.0, Culture=neutral, PublicKeyToken=null]]'.
2021-03-27 18:16:08.9533|INFO|Microsoft.AspNetCore.Mvc.Internal.ControllerActionInvoker|Executed action myApi.Controllers.PersonController.GetPersons (myApi) in 213.3034ms
2021-03-27 18:16:08.9533|INFO|Microsoft.AspNetCore.Hosting.Internal.WebHost|Request finished in 289.8535ms 200 application/json; charset=utf-8
2021-03-27 18:16:10.8695|INFO|Microsoft.AspNetCore.Hosting.Internal.WebHost|Request starting HTTP/1.1 GET http://localhost:1028/api/people  
2021-03-27 18:16:10.8695|INFO|Microsoft.AspNetCore.Mvc.Internal.ControllerActionInvoker|Route matched with {action = "GetPersons", controller = "Person"}. Executing controller action with signature Microsoft.AspNetCore.Mvc.IActionResult GetPersons() on controller myApi.Controllers.PersonController (myApi).
2021-03-27 18:16:10.8695|INFO|Microsoft.AspNetCore.Mvc.Internal.ControllerActionInvoker|Executing action method myApi.Controllers.PersonController.GetPersons (myApi) - Validation state: Valid
2021-03-27 18:16:10.8695|INFO|myApi.Controllers.PersonController|Returned list of all Persons.
2021-03-27 18:16:10.8695|INFO|Microsoft.AspNetCore.Mvc.Internal.ControllerActionInvoker|Executed action method myApi.Controllers.PersonController.GetPersons (myApi), returned result Microsoft.AspNetCore.Mvc.OkObjectResult in 1.4595ms.
2021-03-27 18:16:10.8761|INFO|Microsoft.AspNetCore.Mvc.Infrastructure.ObjectResultExecutor|Executing ObjectResult, writing value of type 'System.Collections.Generic.List`1[[myData.Entities.PersonDto, myData, Version=1.0.0.0, Culture=neutral, PublicKeyToken=null]]'.
2021-03-27 18:16:10.8761|INFO|Microsoft.AspNetCore.Mvc.Internal.ControllerActionInvoker|Executed action myApi.Controllers.PersonController.GetPersons (myApi) in 5.3657ms
2021-03-27 18:16:10.8761|INFO|Microsoft.AspNetCore.Hosting.Internal.WebHost|Request finished in 9.9094ms 200 application/json; charset=utf-8
2021-03-27 18:37:38.7423|INFO|myApi.Program|Initializing application...
2021-03-27 18:37:39.5158|INFO|Microsoft.AspNetCore.DataProtection.KeyManagement.XmlKeyManager|User profile is available. Using 'C:\Users\wooz\AppData\Local\ASP.NET\DataProtection-Keys' as key repository and Windows DPAPI to encrypt keys at rest.
2021-03-27 18:37:39.9005|INFO|Microsoft.AspNetCore.Hosting.Internal.WebHost|Request starting HTTP/1.1 DEBUG http://localhost:1028/  0
2021-03-27 18:37:39.9117|INFO|Microsoft.AspNetCore.Hosting.Internal.WebHost|Request finished in 10.4913ms 200 
2021-03-27 18:37:47.9752|INFO|Microsoft.AspNetCore.Hosting.Internal.WebHost|Request starting HTTP/1.1 GET http://localhost:1028/api/people  
2021-03-27 18:37:48.0621|INFO|Microsoft.AspNetCore.Mvc.Internal.ControllerActionInvoker|Route matched with {action = "GetPersons", controller = "Person"}. Executing controller action with signature Microsoft.AspNetCore.Mvc.IActionResult GetPersons() on controller myApi.Controllers.PersonController (myApi).
2021-03-27 18:37:48.2261|INFO|Microsoft.AspNetCore.Mvc.Internal.ControllerActionInvoker|Executing action method myApi.Controllers.PersonController.GetPersons (myApi) - Validation state: Valid
2021-03-27 18:37:48.2261|INFO|myApi.Controllers.PersonController|Returned list of all Persons.
2021-03-27 18:37:48.2477|INFO|Microsoft.AspNetCore.Mvc.Internal.ControllerActionInvoker|Executed action method myApi.Controllers.PersonController.GetPersons (myApi), returned result Microsoft.AspNetCore.Mvc.OkObjectResult in 18.5357ms.
2021-03-27 18:37:48.2531|INFO|Microsoft.AspNetCore.Mvc.Infrastructure.ObjectResultExecutor|Executing ObjectResult, writing value of type 'System.Collections.Generic.List`1[[myData.Entities.PersonDto, myData, Version=1.0.0.0, Culture=neutral, PublicKeyToken=null]]'.
2021-03-27 18:37:48.2820|INFO|Microsoft.AspNetCore.Mvc.Internal.ControllerActionInvoker|Executed action myApi.Controllers.PersonController.GetPersons (myApi) in 216.9517ms
2021-03-27 18:37:48.2820|INFO|Microsoft.AspNetCore.Hosting.Internal.WebHost|Request finished in 310.5438ms 200 application/json; charset=utf-8
2021-03-27 18:37:59.0570|INFO|Microsoft.AspNetCore.Hosting.Internal.WebHost|Request starting HTTP/1.1 GET http://localhost:1028/swagger  
2021-03-27 18:37:59.0570|INFO|Microsoft.AspNetCore.Hosting.Internal.WebHost|Request finished in 2.1917ms 301 
2021-03-27 18:37:59.0726|INFO|Microsoft.AspNetCore.Hosting.Internal.WebHost|Request starting HTTP/1.1 GET http://localhost:1028/swagger/index.html  
2021-03-27 18:37:59.1550|INFO|Microsoft.AspNetCore.Hosting.Internal.WebHost|Request finished in 82.3813ms 200 text/html;charset=utf-8
2021-03-27 18:37:59.1817|INFO|Microsoft.AspNetCore.Hosting.Internal.WebHost|Request starting HTTP/1.1 GET http://localhost:1028/swagger/swagger-ui.css  
2021-03-27 18:37:59.1817|INFO|Microsoft.AspNetCore.Hosting.Internal.WebHost|Request starting HTTP/1.1 GET http://localhost:1028/swagger/swagger-ui-bundle.js  
2021-03-27 18:37:59.1817|INFO|Microsoft.AspNetCore.Hosting.Internal.WebHost|Request starting HTTP/1.1 GET http://localhost:1028/swagger/swagger-ui-standalone-preset.js  
2021-03-27 18:37:59.2035|INFO|Microsoft.AspNetCore.StaticFiles.StaticFileMiddleware|Sending file. Request path: '/swagger-ui.css'. Physical path: 'N/A'
2021-03-27 18:37:59.2069|INFO|Microsoft.AspNetCore.StaticFiles.StaticFileMiddleware|Sending file. Request path: '/swagger-ui-standalone-preset.js'. Physical path: 'N/A'
2021-03-27 18:37:59.2069|INFO|Microsoft.AspNetCore.Hosting.Internal.WebHost|Request finished in 30.199ms 200 text/css
2021-03-27 18:37:59.2069|INFO|Microsoft.AspNetCore.Hosting.Internal.WebHost|Request finished in 24.9428ms 200 application/javascript
2021-03-27 18:37:59.2069|INFO|Microsoft.AspNetCore.StaticFiles.StaticFileMiddleware|Sending file. Request path: '/swagger-ui-bundle.js'. Physical path: 'N/A'
2021-03-27 18:37:59.2069|INFO|Microsoft.AspNetCore.Hosting.Internal.WebHost|Request finished in 29.2211ms 200 application/javascript
2021-03-27 18:37:59.2331|INFO|Microsoft.AspNetCore.Hosting.Internal.WebHost|Request starting HTTP/1.1 GET http://localhost:1028/swagger/swagger-ui.css.map  
2021-03-27 18:37:59.2331|INFO|Microsoft.AspNetCore.Hosting.Internal.WebHost|Request finished in 1.9629ms 404 text/plain
2021-03-27 18:37:59.3511|INFO|Microsoft.AspNetCore.Hosting.Internal.WebHost|Request starting HTTP/1.1 GET http://localhost:1028/swagger/swagger-ui-standalone-preset.js.map  
2021-03-27 18:37:59.3511|INFO|Microsoft.AspNetCore.Hosting.Internal.WebHost|Request starting HTTP/1.1 GET http://localhost:1028/swagger/swagger-ui-bundle.js.map  
2021-03-27 18:37:59.3511|INFO|Microsoft.AspNetCore.Hosting.Internal.WebHost|Request finished in 2.4486ms 404 text/plain
2021-03-27 18:37:59.3511|INFO|Microsoft.AspNetCore.Hosting.Internal.WebHost|Request finished in 3.4456ms 404 text/plain
2021-03-27 18:37:59.3757|INFO|Microsoft.AspNetCore.Hosting.Internal.WebHost|Request starting HTTP/1.1 GET http://localhost:1028/swagger/v1/swagger.json  
2021-03-27 18:37:59.3757|INFO|Microsoft.AspNetCore.Hosting.Internal.WebHost|Request starting HTTP/1.1 GET http://localhost:1028/swagger/favicon-32x32.png  
2021-03-27 18:37:59.3757|INFO|Microsoft.AspNetCore.StaticFiles.StaticFileMiddleware|Sending file. Request path: '/favicon-32x32.png'. Physical path: 'N/A'
2021-03-27 18:37:59.3757|INFO|Microsoft.AspNetCore.Hosting.Internal.WebHost|Request finished in 3.2266ms 200 image/png
2021-03-27 18:37:59.4533|INFO|Microsoft.AspNetCore.Hosting.Internal.WebHost|Request finished in 77.2469ms 200 application/json;charset=utf-8
2021-03-27 18:38:31.2189|INFO|Microsoft.AspNetCore.Hosting.Internal.WebHost|Request starting HTTP/1.1 GET http://localhost:1028/swagger/v1/swagger.json  
2021-03-27 18:38:31.2231|INFO|Microsoft.AspNetCore.Hosting.Internal.WebHost|Request finished in 4.0309ms 200 application/json;charset=utf-8
2021-03-27 18:42:59.8311|INFO|myApi.Program|Initializing application...
2021-03-27 18:43:00.1542|INFO|Microsoft.AspNetCore.DataProtection.KeyManagement.XmlKeyManager|User profile is available. Using 'C:\Users\wooz\AppData\Local\ASP.NET\DataProtection-Keys' as key repository and Windows DPAPI to encrypt keys at rest.
2021-03-27 18:43:00.4875|INFO|Microsoft.AspNetCore.Hosting.Internal.WebHost|Request starting HTTP/1.1 GET http://localhost:1028/swagger/  
2021-03-27 18:43:00.5133|INFO|Microsoft.AspNetCore.Hosting.Internal.WebHost|Request finished in 25.969ms 301 
2021-03-27 18:43:00.5179|INFO|Microsoft.AspNetCore.Hosting.Internal.WebHost|Request starting HTTP/1.1 GET http://localhost:1028/swagger/index.html  
2021-03-27 18:43:00.5851|INFO|Microsoft.AspNetCore.Hosting.Internal.WebHost|Request finished in 67.2006ms 200 text/html;charset=utf-8
2021-03-27 18:43:00.6627|INFO|Microsoft.AspNetCore.Hosting.Internal.WebHost|Request starting HTTP/1.1 GET http://localhost:1028/swagger/swagger-ui.css.map  
2021-03-27 18:43:00.7104|INFO|Microsoft.AspNetCore.Hosting.Internal.WebHost|Request finished in 47.6524ms 404 text/plain
2021-03-27 18:43:00.7996|INFO|Microsoft.AspNetCore.Hosting.Internal.WebHost|Request starting HTTP/1.1 GET http://localhost:1028/swagger/swagger-ui-bundle.js.map  
2021-03-27 18:43:00.7996|INFO|Microsoft.AspNetCore.Hosting.Internal.WebHost|Request finished in 0.6407ms 404 text/plain
2021-03-27 18:43:00.7996|INFO|Microsoft.AspNetCore.Hosting.Internal.WebHost|Request starting HTTP/1.1 GET http://localhost:1028/swagger/swagger-ui-standalone-preset.js.map  
2021-03-27 18:43:00.7996|INFO|Microsoft.AspNetCore.Hosting.Internal.WebHost|Request finished in 0.5464ms 404 text/plain
2021-03-27 18:43:00.8327|INFO|Microsoft.AspNetCore.Hosting.Internal.WebHost|Request starting HTTP/1.1 GET http://localhost:1028/swagger/v1/swagger.json  
2021-03-27 18:43:00.9036|INFO|Microsoft.AspNetCore.Hosting.Internal.WebHost|Request finished in 70.9032ms 200 application/json;charset=utf-8
2021-03-27 19:14:39.1036|INFO|myApi.Program|Initializing application...
2021-03-27 19:14:39.9016|INFO|Microsoft.AspNetCore.DataProtection.KeyManagement.XmlKeyManager|User profile is available. Using 'C:\Users\wooz\AppData\Local\ASP.NET\DataProtection-Keys' as key repository and Windows DPAPI to encrypt keys at rest.
2021-03-27 19:14:40.2149|INFO|Microsoft.AspNetCore.Hosting.Internal.WebHost|Request starting HTTP/1.1 DEBUG http://localhost:1028/  0
2021-03-27 19:14:40.2271|INFO|Microsoft.AspNetCore.Hosting.Internal.WebHost|Request finished in 11.1106ms 200 
2021-03-27 19:14:45.2657|INFO|Microsoft.AspNetCore.Hosting.Internal.WebHost|Request starting HTTP/1.1 GET http://localhost:1028/swagger/v1/swagger.json  
2021-03-27 19:14:45.3746|INFO|Microsoft.AspNetCore.Hosting.Internal.WebHost|Request finished in 108.7168ms 200 application/json;charset=utf-8
2021-03-27 22:02:01.7674|INFO|myApi.Program|Initializing application...
2021-03-27 22:02:02.5232|INFO|Microsoft.AspNetCore.DataProtection.KeyManagement.XmlKeyManager|User profile is available. Using 'C:\Users\wooz\AppData\Local\ASP.NET\DataProtection-Keys' as key repository and Windows DPAPI to encrypt keys at rest.
2021-03-27 22:02:02.7980|INFO|Microsoft.AspNetCore.Hosting.Internal.WebHost|Request starting HTTP/1.1 DEBUG http://localhost:1028/  0
2021-03-27 22:02:02.7980|INFO|Microsoft.AspNetCore.Hosting.Internal.WebHost|Request finished in 13.0061ms 200 
2021-03-27 22:02:07.2889|INFO|Microsoft.AspNetCore.Hosting.Internal.WebHost|Request starting HTTP/1.1 GET http://localhost:1028/swagger/v1/swagger.json  
2021-03-27 22:02:07.3991|INFO|Microsoft.AspNetCore.Hosting.Internal.WebHost|Request finished in 109.9742ms 200 application/json;charset=utf-8
2021-03-27 22:10:49.3878|INFO|myApi.Program|Initializing application...
2021-03-27 22:10:50.1896|INFO|Microsoft.AspNetCore.DataProtection.KeyManagement.XmlKeyManager|User profile is available. Using 'C:\Users\wooz\AppData\Local\ASP.NET\DataProtection-Keys' as key repository and Windows DPAPI to encrypt keys at rest.
2021-03-27 22:10:50.4753|INFO|Microsoft.AspNetCore.Hosting.Internal.WebHost|Request starting HTTP/1.1 DEBUG http://localhost:1028/  0
2021-03-27 22:10:50.4875|INFO|Microsoft.AspNetCore.Hosting.Internal.WebHost|Request finished in 11.8724ms 200 
2021-03-27 22:12:45.6259|INFO|myApi.Program|Initializing application...
2021-03-27 22:12:46.4445|INFO|Microsoft.AspNetCore.DataProtection.KeyManagement.XmlKeyManager|User profile is available. Using 'C:\Users\wooz\AppData\Local\ASP.NET\DataProtection-Keys' as key repository and Windows DPAPI to encrypt keys at rest.
2021-03-27 22:12:46.7806|INFO|Microsoft.AspNetCore.Hosting.Internal.WebHost|Request starting HTTP/1.1 DEBUG http://localhost:1028/  0
2021-03-27 22:12:46.7921|INFO|Microsoft.AspNetCore.Hosting.Internal.WebHost|Request finished in 10.734ms 200 
2021-03-27 22:12:54.2294|INFO|Microsoft.AspNetCore.Hosting.Internal.WebHost|Request starting HTTP/1.1 GET http://localhost:1028/api/people  
2021-03-27 22:12:54.3021|INFO|Microsoft.AspNetCore.Mvc.Internal.ControllerActionInvoker|Route matched with {action = "GetPersons", controller = "Person"}. Executing controller action with signature Microsoft.AspNetCore.Mvc.IActionResult GetPersons() on controller myApi.Controllers.PersonController (myApi).
2021-03-27 22:12:54.4647|INFO|Microsoft.AspNetCore.Mvc.Internal.ControllerActionInvoker|Executing action method myApi.Controllers.PersonController.GetPersons (myApi) - Validation state: Valid
2021-03-27 22:12:54.4647|INFO|myApi.Controllers.PersonController|Returned list of all Persons.
2021-03-27 22:12:54.4866|INFO|Microsoft.AspNetCore.Mvc.Internal.ControllerActionInvoker|Executed action method myApi.Controllers.PersonController.GetPersons (myApi), returned result Microsoft.AspNetCore.Mvc.OkObjectResult in 18.7787ms.
2021-03-27 22:12:54.4866|INFO|Microsoft.AspNetCore.Mvc.Infrastructure.ObjectResultExecutor|Executing ObjectResult, writing value of type 'System.Collections.Generic.List`1[[myData.Entities.PersonDto, myData, Version=1.0.0.0, Culture=neutral, PublicKeyToken=null]]'.
2021-03-27 22:12:54.5202|INFO|Microsoft.AspNetCore.Mvc.Internal.ControllerActionInvoker|Executed action myApi.Controllers.PersonController.GetPersons (myApi) in 215.0839ms
2021-03-27 22:12:54.5202|INFO|Microsoft.AspNetCore.Hosting.Internal.WebHost|Request finished in 293.9944ms 200 application/json; charset=utf-8
2021-03-27 22:13:14.2790|INFO|Microsoft.AspNetCore.Hosting.Internal.WebHost|Request starting HTTP/1.1 POST http://localhost:1028/api/people/ application/json 59
2021-03-27 22:13:14.2886|INFO|Microsoft.AspNetCore.Mvc.Internal.ControllerActionInvoker|Route matched with {action = "SavePerson", controller = "Person"}. Executing controller action with signature Microsoft.AspNetCore.Mvc.IActionResult SavePerson(myData.Entities.PersonDto) on controller myApi.Controllers.PersonController (myApi).
2021-03-27 22:13:14.3139|INFO|Microsoft.AspNetCore.Mvc.Internal.ControllerActionInvoker|Executing action method myApi.Controllers.PersonController.SavePerson (myApi) - Validation state: Valid
2021-03-27 22:13:14.3139|INFO|myApi.Controllers.PersonController|ADDED NEW Person with ID: 4, Name: Timmy Tommy, and Email: test@mail.com.
2021-03-27 22:13:14.3139|INFO|Microsoft.AspNetCore.Mvc.Internal.ControllerActionInvoker|Executed action method myApi.Controllers.PersonController.SavePerson (myApi), returned result Microsoft.AspNetCore.Mvc.CreatedAtRouteResult in 2.9681ms.
2021-03-27 22:13:14.3139|INFO|Microsoft.AspNetCore.Mvc.Infrastructure.ObjectResultExecutor|Executing ObjectResult, writing value of type 'myData.Entities.PersonDto'.
2021-03-27 22:13:14.3139|INFO|Microsoft.AspNetCore.Mvc.Internal.ControllerActionInvoker|Executed action myApi.Controllers.PersonController.SavePerson (myApi) in 32.5407ms
2021-03-27 22:13:14.3139|INFO|Microsoft.AspNetCore.Hosting.Internal.WebHost|Request finished in 44.423ms 201 application/json; charset=utf-8
2021-03-27 22:13:30.0695|INFO|Microsoft.AspNetCore.Hosting.Internal.WebHost|Request starting HTTP/1.1 GET http://localhost:1028/api/people  
2021-03-27 22:13:30.0995|INFO|Microsoft.AspNetCore.Mvc.Internal.ControllerActionInvoker|Route matched with {action = "GetPersons", controller = "Person"}. Executing controller action with signature Microsoft.AspNetCore.Mvc.IActionResult GetPersons() on controller myApi.Controllers.PersonController (myApi).
2021-03-27 22:13:30.0995|INFO|Microsoft.AspNetCore.Mvc.Internal.ControllerActionInvoker|Executing action method myApi.Controllers.PersonController.GetPersons (myApi) - Validation state: Valid
2021-03-27 22:13:30.0995|INFO|myApi.Controllers.PersonController|Returned list of all Persons.
2021-03-27 22:13:30.0995|INFO|Microsoft.AspNetCore.Mvc.Internal.ControllerActionInvoker|Executed action method myApi.Controllers.PersonController.GetPersons (myApi), returned result Microsoft.AspNetCore.Mvc.OkObjectResult in 1.615ms.
2021-03-27 22:13:30.0995|INFO|Microsoft.AspNetCore.Mvc.Infrastructure.ObjectResultExecutor|Executing ObjectResult, writing value of type 'System.Collections.Generic.List`1[[myData.Entities.PersonDto, myData, Version=1.0.0.0, Culture=neutral, PublicKeyToken=null]]'.
2021-03-27 22:13:30.0995|INFO|Microsoft.AspNetCore.Mvc.Internal.ControllerActionInvoker|Executed action myApi.Controllers.PersonController.GetPersons (myApi) in 6.4367ms
2021-03-27 22:13:30.0995|INFO|Microsoft.AspNetCore.Hosting.Internal.WebHost|Request finished in 38.7976ms 200 application/json; charset=utf-8
2021-03-27 22:13:34.4070|INFO|Microsoft.AspNetCore.Hosting.Internal.WebHost|Request starting HTTP/1.1 GET http://localhost:1028/swagger/v1/swagger.json  
2021-03-27 22:13:34.4769|INFO|Microsoft.AspNetCore.Hosting.Internal.WebHost|Request finished in 69.5964ms 200 application/json;charset=utf-8
